<?xml version="1.0" encoding="UTF-8"?>
<!-- Generated by org.testng.reporters.JUnitReportReporter -->
<testsuite hostname="LAPTOP-JOBV14UR" failures="0" tests="1" name="qaclickacademy.Mavenjava.ExtendReportDemo" time="13.558" errors="0" timestamp="2022-02-08T23:03:06 CST" skipped="0">
  <testcase classname="qaclickacademy.Mavenjava.ExtendReportDemo" name="init" time="13.558"/>
  <system-out/>
</testsuite> <!-- qaclickacademy.Mavenjava.ExtendReportDemo -->
